ERROR - Could not resolve blackbox module 'pwmDriver' in device iCE40UP5K.
ERROR - Could not resolve blackbox module 'uniqueTune' in device iCE40UP5K.
ERROR - Could not resolve blackbox module 'make_signals' in device iCE40UP5K.
ERROR - c:/users/afascetti/desktop/micropsfinalproject/e155finalproject/lattice/latticee155finalproject/source/impl_1/main.sv(10): syntax error near output. VERI-1137
ERROR - c:/users/afascetti/desktop/micropsfinalproject/e155finalproject/lattice/latticee155finalproject/source/impl_1/main.sv(30): instantiating unknown module makeMusic. VERI-1063
ERROR - c:/users/afascetti/desktop/micropsfinalproject/e155finalproject/lattice/latticee155finalproject/source/impl_1/main.sv(16): syntax error near new. VERI-1137
ERROR - c:/users/afascetti/desktop/micropsfinalproject/e155finalproject/lattice/latticee155finalproject/source/impl_1/main.sv(17): syntax error near new. VERI-1137
ERROR - c:/users/jzales/desktop/e155finalproject/e155finalproject/lattice/latticee155finalproject/source/impl_1/main.sv(196): sd1 is not declared. VERI-1128
ERROR - c:/users/jzales/desktop/e155finalproject/e155finalproject/lattice/latticee155finalproject/source/impl_1/main.sv(48): tune expects 10 arguments. VERI-1182
ERROR - c:/users/jzales/desktop/e155finalproject/e155finalproject/lattice/latticee155finalproject/source/impl_1/main.sv(255): net pwr_2 is constantly driven from multiple places at instance makingMusic_2, on port q. VDB-1000
ERROR - c:/users/jzales/desktop/e155finalproject/e155finalproject/lattice/latticee155finalproject/source/impl_1/main.sv(255): net makingMusic is constantly driven from multiple places at instance makingMusic_2, on port q. VDB-1000
ERROR - c:/users/jzales/desktop/e155finalproject/e155finalproject/lattice/latticee155finalproject/source/impl_1/main.sv(439): net toneFreq is constantly driven from multiple places at instance toneFreq_2, on port q. VDB-1000
ERROR - c:/users/jzales/desktop/e155finalproject/e155finalproject/lattice/latticee155finalproject/source/impl_1/main.sv(439): net toneFreq is constantly driven from multiple places at instance toneFreq_2, on port q. VDB-1000
ERROR - Could not resolve blackbox module 'freqGenerator' in device iCE40UP5K.
ERROR - Could not resolve blackbox module 'freqGenerator' in device iCE40UP5K.
ERROR - Could not resolve blackbox module 'freqGenerator' in device iCE40UP5K.
ERROR - Could not resolve blackbox module 'freqGenerator' in device iCE40UP5K.
ERROR - Could not resolve blackbox module 'freqGenerator' in device iCE40UP5K.
ERROR - c:/users/jzales/desktop/e155finalproject/e155finalproject/lattice/latticee155finalproject/source/impl_1/main.sv(382): net counter[31] is constantly driven from multiple places at instance counter_2, on port q[31]. VDB-1000
ERROR - c:/users/jzales/desktop/e155finalproject/e155finalproject/lattice/latticee155finalproject/source/impl_1/main.sv(382): net counter[31] is constantly driven from multiple places at instance counter_2, on port q[31]. VDB-1000
ERROR - The port [start] has an invalid combination of IO settings according to the device specifications. Check the IO settings and correct the errors.
ERROR - The port [start] has an invalid combination of IO settings according to the device specifications. Check the IO settings and correct the errors.
ERROR - The port [start] has an invalid combination of IO settings according to the device specifications. Check the IO settings and correct the errors.
ERROR - c:/users/jzales/desktop/e155finalproject/e155finalproject/lattice/latticee155finalproject/source/impl_1/main.sv(333): net start is constantly driven from multiple places at instance start_2, on port q. VDB-1000
