Lattice Mapping Report File for Design Module 'latticeE155FinalProject_impl_1'

Target Vendor:        LATTICE
Target Device:        iCE40UP5KSG48
Target Performance:   High-Performance_1.2V

Mapper:    version Radiant Software (64-bit) 3.2.0.18.0
Mapped on: Tue Dec  6 23:45:06 2022

Design Information
------------------

Command line:   map -i latticeE155FinalProject_impl_1_syn.udb -pdc C:/Users/jzal
     es/Desktop/E155FinalProject/E155FinalProject/Lattice/latticeE155FinalProjec
     t/pins_spi.pdc -o latticeE155FinalProject_impl_1_map.udb -mp
     latticeE155FinalProject_impl_1.mrp -hierrpt -gui

Design Summary
--------------

   Number of slice registers: 179 out of  5280 (3%)
   Number of I/O registers:      1 out of   117 (1%)
   Number of LUT4s:           354 out of  5280 (7%)
      Number of logic LUT4s:             212
      Number of inserted feedthru LUT4s:  73
      Number of replicated LUT4s:          1
      Number of ripple logic:             34 (68 LUT4s)
   Number of IO sites used:   5 out of 39 (13%)
      Number of IO sites used for general PIO: 5
      Number of IO sites used for I3C: 0 out of 2 (0%)
      (note: If I3C is not used, its site can be used as general PIO)
      Number of IO sites used for PIO+I3C: 5 out of 36 (14%)
      Number of IO sites used for OD+RGB IO buffers: 0 out of 3 (0%)
      (note: If RGB LED drivers are not used, sites can be used as OD outputs,
       see TN1288 iCE40 LED Driver Usage Guide)
      Number of IO sites used for PIO+I3C+OD+RGB: 5 out of 39 (13%)
   Number of DSPs:             0 out of 8 (0%)
   Number of I2Cs:             0 out of 2 (0%)
   Number of High Speed OSCs:  1 out of 1 (100%)
   Number of Low Speed OSCs:   0 out of 1 (0%)
   Number of RGB PWM:          0 out of 1 (0%)
   Number of RGB Drivers:      0 out of 1 (0%)
   Number of SCL FILTERs:      0 out of 2 (0%)
   Number of SRAMs:            0 out of 4 (0%)
   Number of WARMBOOTs:        0 out of 1 (0%)
   Number of SPIs:             0 out of 2 (0%)
   Number of EBRs:             0 out of 30 (0%)
   Number of PLLs:             0 out of 1 (0%)
   Number of Clocks:  3
      Net int_osc: 76 loads, 76 rising, 0 falling (Driver: Pin hf_osc/CLKHF)
      Net ce_c: 34 loads, 0 rising, 34 falling (Driver: Port ce)
      Net sck_c: 40 loads, 40 rising, 0 falling (Driver: Port sck)
   Number of Clock Enables:  4
      Net n2480: 19 loads, 19 SLICEs
      Net VCC_net: 1 loads, 0 SLICEs
      Net n8: 1 loads, 1 SLICEs
      Net n2476: 34 loads, 34 SLICEs
   Number of LSRs:  4
      Net tuner.nextstate_5__N_116: 2 loads, 2 SLICEs
      Net tuner.n2464: 1 loads, 1 SLICEs
      Net tuner.pitch.counter_31__N_333: 17 loads, 17 SLICEs
      Net tuner.howLong.counter_31__N_268: 17 loads, 17 SLICEs

                                    Page 1





Design Summary (cont)
---------------------
   Top 10 highest fanout non-clock nets:
      Net state[0]: 54 loads
      Net state[1]: 38 loads
      Net state[2]: 35 loads
      Net n2476: 34 loads
      Net n2480: 30 loads
      Net n11: 25 loads
      Net tuner.howLong.counter_31__N_268: 17 loads
      Net tuner.pitch.counter_31__N_333: 17 loads
      Net flattenedMCUout[21]: 16 loads
      Net flattenedMCUout[23]: 16 loads




   Number of warnings:  12
   Number of errors:    0

Design Errors/Warnings
----------------------

WARNING - map: C:/Users/jzales/Desktop/E155FinalProject/E155FinalProject/Lattice
     /latticeE155FinalProject/pins_spi.pdc (6) : No port matched 'start'.
WARNING - map: C:/Users/jzales/Desktop/E155FinalProject/E155FinalProject/Lattice
     /latticeE155FinalProject/pins_spi.pdc (7) : No port matched 'start'.
WARNING - map: No port matched 'start'.
WARNING - map: Can't resolve object 'start' in constraint 'ldc_set_location
     -site {10} [get_ports start]'.
WARNING - map: No port matched 'start'.
WARNING - map: Can't resolve object 'start' in constraint 'ldc_set_port -iobuf
     {DRIVE=NA} [get_ports start]'.
WARNING - map: Remove invalid constraint 'ldc_set_location -site {10} [get_ports
     start]'.
WARNING - map: Remove invalid constraint 'ldc_set_port -iobuf {DRIVE=NA}
     [get_ports start]'.
WARNING - map: Top module port 'clk' does not connect to anything.
WARNING - map: Top module port 'clk' does not connect to anything.
WARNING - map: The clock port [ce] is assigned to a non clock dedicated pin
     [36], which might affect the clock performance. Use dedicated clock
     resources for the port.
WARNING - map: The clock port [sck] is assigned to a non clock dedicated pin
     [28], which might affect the clock performance. Use dedicated clock
     resources for the port.

IO (PIO) Attributes
-------------------

+---------------------+-----------+-----------+-------+-------+-----------+
| IO Name             | Direction | Levelmode |  IO   |  IO   | Special   |
|                     |           |  IO_TYPE  |  REG  |  DDR  | IO Buffer |
+---------------------+-----------+-----------+-------+-------+-----------+
| ce                  | INPUT     |           |       |       |           |
+---------------------+-----------+-----------+-------+-------+-----------+
| sdi                 | INPUT     |           | I     |       |           |
+---------------------+-----------+-----------+-------+-------+-----------+
| sck                 | INPUT     |           |       |       |           |
+---------------------+-----------+-----------+-------+-------+-----------+

                                    Page 2





IO (PIO) Attributes (cont)
--------------------------
| makingMusic         | OUTPUT    |           |       |       |           |
+---------------------+-----------+-----------+-------+-------+-----------+
| pwm                 | OUTPUT    | LVCMOS33  |       |       |           |
+---------------------+-----------+-----------+-------+-------+-----------+

Removed logic
-------------

Block i4_1_lut was optimized away.
Block i1 was optimized away.

OSC Summary
-----------

OSC 1:                                 Pin/Node Value
  OSC Instance Name:                            hf_osc
  Power UP:                            NODE     VCC_net
  Enable Signal:                       NODE     VCC_net
  OSC Output:                          NODE     int_osc
  DIV Setting:                                  01

ASIC Components
---------------

Instance Name: hf_osc
         Type: HFOSC
Instance Name: spi/newFlattenedMCUout_i0
         Type: IOLOGIC

Run Time and Memory Usage
-------------------------

   Total CPU Time: 0 secs
   Total REAL Time: 0 secs
   Peak Memory Usage: 61 MB























                                    Page 3


Copyright (c) 1991-1994 by NeoCAD Inc. All rights reserved.
Copyright (c) 1995
     AT&T Corp.   All rights reserved.
Copyright (c) 1995-2001 Lucent
     Technologies Inc.  All rights reserved.
Copyright (c) 2001 Agere Systems
     All rights reserved.
Copyright (c) 2002-2022 Lattice Semiconductor
     Corporation,  All rights reserved.
